<?xml version="1.0" encoding="UTF-8"?>
<!-- Generated by org.testng.reporters.JUnitReportReporter -->
<testsuite skipped="0" hostname="Ganesh" name="com.ORHM.lib.LoginTest" tests="1" failures="0" timestamp="07 Feb 2019 11:09:40 GMT" time="0.938" errors="0">
  <testcase name="Login" time="0.938" classname="com.ORHM.lib.LoginTest"/>
</testsuite> <!-- com.ORHM.lib.LoginTest -->
