<?xml version="1.0" encoding="UTF-8"?>
<!-- Generated by org.testng.reporters.JUnitReportReporter -->
<testsuite skipped="1" hostname="Ganesh" name="com.TestNGAnnoations.Annotations1" tests="4" failures="0" timestamp="01 Feb 2019 06:43:13 GMT" time="0.028" errors="0">
  <testcase name="Browser_launch" time="0.021" classname="com.TestNGAnnoations.Annotations1"/>
  <testcase name="Login" time="0.003" classname="com.TestNGAnnoations.Annotations1"/>
  <testcase name="Compose" time="0.004" classname="com.TestNGAnnoations.Annotations1"/>
  <testcase name="Inbox" classname="com.TestNGAnnoations.Annotations1">
    <skipped/>
  </testcase> <!-- Inbox -->
</testsuite> <!-- com.TestNGAnnoations.Annotations1 -->
