<?xml version="1.0" encoding="UTF-8"?>
<!-- Generated by org.testng.reporters.JUnitReportReporter -->
<testsuite skipped="0" hostname="Ganesh" name="com.TestNGAnnoations.NewUserRegistration" tests="2" failures="0" timestamp="08 Feb 2019 06:52:42 GMT" time="17.977" errors="0">
  <testcase name="Register" time="2.346" classname="com.TestNGAnnoations.NewUserRegistration"/>
  <testcase name="UserRegistration" time="15.631" classname="com.TestNGAnnoations.NewUserRegistration"/>
</testsuite> <!-- com.TestNGAnnoations.NewUserRegistration -->
