<?xml version="1.0" encoding="UTF-8"?>
<!-- Generated by org.testng.reporters.JUnitReportReporter -->
<testsuite skipped="0" hostname="Ganesh" name="com.TestNGAnnoations.SignInFb" tests="1" failures="0" timestamp="08 Feb 2019 06:52:42 GMT" time="8.305" errors="0">
  <testcase name="FbLogin" time="8.305" classname="com.TestNGAnnoations.SignInFb"/>
</testsuite> <!-- com.TestNGAnnoations.SignInFb -->
