<?xml version="1.0" encoding="UTF-8"?>
<!-- Generated by org.testng.reporters.JUnitReportReporter -->
<testsuite skipped="1" hostname="Ganesh" name="com.TestNGAnnoations.Annotations2" tests="3" failures="0" timestamp="01 Feb 2019 07:02:10 GMT" time="0.000" errors="0">
  <testcase name="Login" time="0.000" classname="com.TestNGAnnoations.Annotations2"/>
  <testcase name="Compose" time="0.000" classname="com.TestNGAnnoations.Annotations2"/>
  <testcase name="Inbox" classname="com.TestNGAnnoations.Annotations2">
    <skipped/>
  </testcase> <!-- Inbox -->
</testsuite> <!-- com.TestNGAnnoations.Annotations2 -->
