<?xml version="1.0" encoding="UTF-8"?>
<!-- Generated by org.testng.reporters.JUnitReportReporter -->
<testsuite skipped="0" hostname="Ganesh" name="com.NewTourTestScript.HomePageTesting" tests="1" failures="0" timestamp="07 Feb 2019 10:49:58 GMT" time="14.749" errors="0">
  <testcase name="HomePageTest" time="14.749" classname="com.NewTourTestScript.HomePageTesting"/>
</testsuite> <!-- com.NewTourTestScript.HomePageTesting -->
