<?xml version="1.0" encoding="UTF-8"?>
<!-- Generated by org.testng.reporters.JUnitReportReporter -->
<testsuite skipped="0" hostname="Ganesh" name="com.MavenProject.New.ToursLoginTest" tests="1" failures="0" timestamp="14 Feb 2019 12:51:29 GMT" time="49.732" errors="0">
  <testcase name="Login" time="49.732" classname="com.MavenProject.New.ToursLoginTest"/>
</testsuite> <!-- com.MavenProject.New.ToursLoginTest -->
